<?xml version="1.0" encoding="UTF-8"?>
<!-- Generated by org.testng.reporters.JUnitReportReporter -->
<testsuite skipped="0" hostname="Admin_SRV-PC" name="Demo.TestPriority_demo" tests="4" failures="0" timestamp="2022-04-10T16:47:07 IST" time="0.015" errors="0">
  <testcase name="four" time="0.010" classname="Demo.TestPriority_demo"/>
  <system-out/>
  <testcase name="one" time="0.000" classname="Demo.TestPriority_demo"/>
  <system-out/>
  <testcase name="three" time="0.000" classname="Demo.TestPriority_demo"/>
  <system-out/>
  <testcase name="two" time="0.005" classname="Demo.TestPriority_demo"/>
  <system-out/>
</testsuite> <!-- Demo.TestPriority_demo -->
