<?xml version="1.0" encoding="UTF-8"?>
<!-- Generated by org.testng.reporters.JUnitReportReporter -->
<testsuite skipped="0" hostname="Admin_SRV-PC" name="Demo.ParrlelbrowserTesting_demo" tests="2" failures="0" timestamp="2022-04-10T17:26:49 IST" time="26.350" errors="0">
  <testcase name="testexecution" time="17.837" classname="Demo.ParrlelbrowserTesting_demo"/>
  <system-out/>
  <testcase name="testexecution" time="8.513" classname="Demo.ParrlelbrowserTesting_demo"/>
  <system-out/>
</testsuite> <!-- Demo.ParrlelbrowserTesting_demo -->
