<?xml version="1.0" encoding="UTF-8"?>
<!-- Generated by org.testng.reporters.JUnitReportReporter -->
<testsuite skipped="0" hostname="Admin_SRV-PC" name="RestasuredProject.GetandPostMethod" tests="2" failures="0" timestamp="2022-04-13T17:02:58 IST" time="3.802" errors="0">
  <testcase name="postmethod" time="0.518" classname="RestasuredProject.GetandPostMethod"/>
  <system-out/>
  <testcase name="getmethod" time="3.284" classname="RestasuredProject.GetandPostMethod"/>
  <system-out/>
</testsuite> <!-- RestasuredProject.GetandPostMethod -->
