<?xml version="1.0" encoding="UTF-8"?>
<!-- Generated by org.testng.reporters.JUnitReportReporter -->
<testsuite skipped="0" hostname="Admin_SRV-PC" name="Listners.TestNGlistnerdemo2" tests="4" failures="0" timestamp="2022-04-09T16:14:16 IST" time="53.611" errors="0">
  <testcase name="test8" time="0.001" classname="Listners.TestNGlistnerdemo2"/>
  <system-out/>
  <testcase name="test6" time="53.600" classname="Listners.TestNGlistnerdemo2"/>
  <system-out/>
  <testcase name="test5" time="0.005" classname="Listners.TestNGlistnerdemo2"/>
  <system-out/>
  <testcase name="test7" time="0.005" classname="Listners.TestNGlistnerdemo2"/>
  <system-out/>
</testsuite> <!-- Listners.TestNGlistnerdemo2 -->
