<?xml version="1.0" encoding="UTF-8"?>
<!-- Generated by org.testng.reporters.JUnitReportReporter -->
<testsuite skipped="0" hostname="Admin_SRV-PC" name="Tests.Dataproviderdemo1" tests="22" failures="0" timestamp="2022-04-14T20:35:12 IST" time="82.485" errors="0">
  <testcase name="finaldata" time="3.321" classname="Tests.Dataproviderdemo1"/>
  <system-out/>
  <testcase name="finaldata" time="3.026" classname="Tests.Dataproviderdemo1"/>
  <system-out/>
  <testcase name="finaldata" time="2.891" classname="Tests.Dataproviderdemo1"/>
  <system-out/>
  <testcase name="finaldata" time="2.597" classname="Tests.Dataproviderdemo1"/>
  <system-out/>
  <testcase name="finaldata" time="7.903" classname="Tests.Dataproviderdemo1"/>
  <system-out/>
  <testcase name="finaldata" time="2.992" classname="Tests.Dataproviderdemo1"/>
  <system-out/>
  <testcase name="finaldata" time="9.445" classname="Tests.Dataproviderdemo1"/>
  <system-out/>
  <testcase name="finaldata" time="2.960" classname="Tests.Dataproviderdemo1"/>
  <system-out/>
  <testcase name="finaldata" time="2.933" classname="Tests.Dataproviderdemo1"/>
  <system-out/>
  <testcase name="finaldata" time="3.352" classname="Tests.Dataproviderdemo1"/>
  <system-out/>
  <testcase name="finaldata" time="3.665" classname="Tests.Dataproviderdemo1"/>
  <system-out/>
  <testcase name="finaldata" time="6.142" classname="Tests.Dataproviderdemo1"/>
  <system-out/>
  <testcase name="finaldata" time="2.997" classname="Tests.Dataproviderdemo1"/>
  <system-out/>
  <testcase name="finaldata" time="3.225" classname="Tests.Dataproviderdemo1"/>
  <system-out/>
  <testcase name="finaldata" time="2.999" classname="Tests.Dataproviderdemo1"/>
  <system-out/>
  <testcase name="finaldata" time="3.175" classname="Tests.Dataproviderdemo1"/>
  <system-out/>
  <testcase name="finaldata" time="3.033" classname="Tests.Dataproviderdemo1"/>
  <system-out/>
  <testcase name="finaldata" time="3.223" classname="Tests.Dataproviderdemo1"/>
  <system-out/>
  <testcase name="finaldata" time="2.942" classname="Tests.Dataproviderdemo1"/>
  <system-out/>
  <testcase name="finaldata" time="3.548" classname="Tests.Dataproviderdemo1"/>
  <system-out/>
  <testcase name="finaldata" time="3.164" classname="Tests.Dataproviderdemo1"/>
  <system-out/>
  <testcase name="finaldata" time="2.952" classname="Tests.Dataproviderdemo1"/>
  <system-out/>
</testsuite> <!-- Tests.Dataproviderdemo1 -->
