<?xml version="1.0" encoding="UTF-8"?>
<!-- Generated by org.testng.reporters.JUnitReportReporter -->
<testsuite skipped="0" hostname="Admin_SRV-PC" name="Demo.TestngGroupdemo" tests="2" failures="0" timestamp="2022-04-11T10:01:32 IST" time="0.012" errors="0">
  <testcase name="test1" time="0.011" classname="Demo.TestngGroupdemo"/>
  <system-out/>
  <testcase name="test2" time="0.001" classname="Demo.TestngGroupdemo"/>
  <system-out/>
</testsuite> <!-- Demo.TestngGroupdemo -->
