<?xml version="1.0" encoding="UTF-8"?>
<!-- Generated by org.testng.reporters.JUnitReportReporter -->
<testsuite skipped="0" hostname="Admin_SRV-PC" name="Tests.FBTest" tests="1" failures="0" timestamp="2022-04-13T10:32:17 IST" time="8.701" errors="0">
  <testcase name="FBloginTest" time="8.701" classname="Tests.FBTest"/>
  <system-out/>
</testsuite> <!-- Tests.FBTest -->
