<?xml version="1.0" encoding="UTF-8"?>
<!-- Generated by org.testng.reporters.JUnitReportReporter -->
<testsuite skipped="0" hostname="Admin_SRV-PC" name="RestasuredProject.putpatchanddelete" tests="3" failures="0" timestamp="2022-04-13T16:55:28 IST" time="6.567" errors="0">
  <testcase name="getpatchmehtod" time="0.640" classname="RestasuredProject.putpatchanddelete"/>
  <system-out/>
  <testcase name="getputmehtod" time="0.499" classname="RestasuredProject.putpatchanddelete"/>
  <system-out/>
  <testcase name="deletemethod" time="5.428" classname="RestasuredProject.putpatchanddelete"/>
  <system-out/>
</testsuite> <!-- RestasuredProject.putpatchanddelete -->
