<?xml version="1.0" encoding="UTF-8"?>
<!-- Generated by org.testng.reporters.JUnitReportReporter -->
<testsuite skipped="0" hostname="Admin_SRV-PC" name="Tests.PropertiesTestNGDemo" tests="1" failures="0" timestamp="2022-04-08T10:12:46 IST" time="32.523" errors="0">
  <testcase name="testexecution" time="32.523" classname="Tests.PropertiesTestNGDemo"/>
  <system-out/>
</testsuite> <!-- Tests.PropertiesTestNGDemo -->
