<?xml version="1.0" encoding="UTF-8"?>
<!-- Generated by org.testng.reporters.JUnitReportReporter -->
<testsuite skipped="0" hostname="Admin_SRV-PC" name="Demo.FluentWaitdemo" tests="1" failures="0" timestamp="2022-04-12T09:28:57 IST" time="23.620" errors="0">
  <testcase name="test" time="23.620" classname="Demo.FluentWaitdemo"/>
  <system-out/>
</testsuite> <!-- Demo.FluentWaitdemo -->
