<?xml version="1.0" encoding="UTF-8"?>
<!-- Generated by org.testng.reporters.JUnitReportReporter -->
<testsuite skipped="0" hostname="Admin_SRV-PC" name="Utils.Dataproviderutils" tests="10" failures="0" timestamp="2022-04-09T10:05:49 IST" time="0.013" errors="0">
  <testcase name="testdata" time="0.010" classname="Utils.Dataproviderutils"/>
  <system-out/>
  <testcase name="testdata" time="0.000" classname="Utils.Dataproviderutils"/>
  <system-out/>
  <testcase name="testdata" time="0.000" classname="Utils.Dataproviderutils"/>
  <system-out/>
  <testcase name="testdata" time="0.000" classname="Utils.Dataproviderutils"/>
  <system-out/>
  <testcase name="testdata" time="0.000" classname="Utils.Dataproviderutils"/>
  <system-out/>
  <testcase name="testdata" time="0.000" classname="Utils.Dataproviderutils"/>
  <system-out/>
  <testcase name="testdata" time="0.000" classname="Utils.Dataproviderutils"/>
  <system-out/>
  <testcase name="testdata" time="0.000" classname="Utils.Dataproviderutils"/>
  <system-out/>
  <testcase name="testdata" time="0.003" classname="Utils.Dataproviderutils"/>
  <system-out/>
  <testcase name="testdata" time="0.000" classname="Utils.Dataproviderutils"/>
  <system-out/>
</testsuite> <!-- Utils.Dataproviderutils -->
