<?xml version="1.0" encoding="UTF-8"?>
<!-- Generated by org.testng.reporters.JUnitReportReporter -->
<testsuite skipped="0" hostname="Admin_SRV-PC" name="Tests.driversetupclass" tests="1" failures="0" timestamp="2022-04-07T11:57:45 IST" time="7.093" errors="0">
  <testcase name="openbrowserURL" time="7.093" classname="Tests.driversetupclass"/>
  <system-out/>
</testsuite> <!-- Tests.driversetupclass -->
