<?xml version="1.0" encoding="UTF-8"?>
<!-- Generated by org.testng.reporters.JUnitReportReporter -->
<testsuite skipped="0" hostname="Admin_SRV-PC" name="Tests.Testngxml_demo" tests="1" failures="0" timestamp="2022-04-07T18:10:45 IST" time="24.903" errors="0">
  <testcase name="railwaysitetest" time="24.903" classname="Tests.Testngxml_demo"/>
  <system-out/>
</testsuite> <!-- Tests.Testngxml_demo -->
