<?xml version="1.0" encoding="UTF-8"?>
<!-- Generated by org.testng.reporters.JUnitReportReporter -->
<testsuite skipped="0" hostname="Admin_SRV-PC" name="Actions.MouseActions" tests="1" failures="0" timestamp="2022-04-15T20:35:14 IST" time="44.741" errors="0">
  <testcase name="test" time="44.741" classname="Actions.MouseActions"/>
  <system-out/>
</testsuite> <!-- Actions.MouseActions -->
