<?xml version="1.0" encoding="UTF-8"?>
<!-- Generated by org.testng.reporters.JUnitReportReporter -->
<testsuite skipped="0" hostname="Admin_SRV-PC" name="PageloadStretgy.Pageloadstretgy" tests="1" failures="0" timestamp="2022-04-14T16:32:23 IST" time="12.659" errors="0">
  <testcase name="testmethod" time="12.659" classname="PageloadStretgy.Pageloadstretgy"/>
  <system-out/>
</testsuite> <!-- PageloadStretgy.Pageloadstretgy -->
