<?xml version="1.0" encoding="UTF-8"?>
<!-- Generated by org.testng.reporters.JUnitReportReporter -->
<testsuite skipped="0" hostname="Admin_SRV-PC" name="Excelutils.DataProviderutils" tests="10" failures="0" timestamp="2022-04-09T08:45:38 IST" time="32.480" errors="0">
  <testcase name="finaldata" time="3.640" classname="Excelutils.DataProviderutils"/>
  <system-out/>
  <testcase name="finaldata" time="2.690" classname="Excelutils.DataProviderutils"/>
  <system-out/>
  <testcase name="finaldata" time="7.480" classname="Excelutils.DataProviderutils"/>
  <system-out/>
  <testcase name="finaldata" time="2.660" classname="Excelutils.DataProviderutils"/>
  <system-out/>
  <testcase name="finaldata" time="2.670" classname="Excelutils.DataProviderutils"/>
  <system-out/>
  <testcase name="finaldata" time="2.689" classname="Excelutils.DataProviderutils"/>
  <system-out/>
  <testcase name="finaldata" time="2.653" classname="Excelutils.DataProviderutils"/>
  <system-out/>
  <testcase name="finaldata" time="2.680" classname="Excelutils.DataProviderutils"/>
  <system-out/>
  <testcase name="finaldata" time="2.650" classname="Excelutils.DataProviderutils"/>
  <system-out/>
  <testcase name="finaldata" time="2.668" classname="Excelutils.DataProviderutils"/>
  <system-out/>
</testsuite> <!-- Excelutils.DataProviderutils -->
