<?xml version="1.0" encoding="UTF-8"?>
<!-- Generated by org.testng.reporters.JUnitReportReporter -->
<testsuite skipped="1" hostname="Admin_SRV-PC" name="Tests.Testngxml_demo" tests="1" failures="0" timestamp="2022-04-13T16:50:42 IST" time="0.000" errors="0">
  <testcase name="railwaysitetest" time="0.000" classname="Tests.Testngxml_demo">
    <skipped/>
  </testcase> <!-- railwaysitetest -->
  <system-out/>
</testsuite> <!-- Tests.Testngxml_demo -->
