<?xml version="1.0" encoding="UTF-8"?>
<!-- Generated by org.testng.reporters.JUnitReportReporter -->
<testsuite skipped="0" hostname="Admin_SRV-PC" name="Demo.Dependencytestng" tests="2" failures="0" timestamp="2022-04-11T10:33:26 IST" time="0.013" errors="0">
  <testcase name="test3" time="0.002" classname="Demo.Dependencytestng"/>
  <system-out/>
  <testcase name="test2" time="0.011" classname="Demo.Dependencytestng"/>
  <system-out/>
</testsuite> <!-- Demo.Dependencytestng -->
