<?xml version="1.0" encoding="UTF-8"?>
<!-- Generated by org.testng.reporters.JUnitReportReporter -->
<testsuite skipped="0" hostname="Admin_SRV-PC" name="Utils.Dataprovidedemo" tests="1" failures="0" timestamp="2022-04-09T18:51:07 IST" time="14.598" errors="0">
  <testcase name="Finaltest" time="14.598" classname="Utils.Dataprovidedemo"/>
  <system-out/>
</testsuite> <!-- Utils.Dataprovidedemo -->
