<?xml version="1.0" encoding="UTF-8"?>
<!-- Generated by org.testng.reporters.JUnitReportReporter -->
<testsuite skipped="0" hostname="Admin_SRV-PC" name="RestasuredProject.Getnpostwithlocal" tests="3" failures="0" timestamp="2022-04-14T18:12:20 IST" time="2.419" errors="0">
  <testcase name="getmethod" time="2.338" classname="RestasuredProject.Getnpostwithlocal"/>
  <system-out/>
  <testcase name="postmethod" time="0.023" classname="RestasuredProject.Getnpostwithlocal"/>
  <system-out/>
  <testcase name="postmethod" time="0.058" classname="RestasuredProject.Getnpostwithlocal"/>
  <system-out/>
</testsuite> <!-- RestasuredProject.Getnpostwithlocal -->
