<?xml version="1.0" encoding="UTF-8"?>
<!-- Generated by org.testng.reporters.JUnitReportReporter -->
<testsuite skipped="0" hostname="Admin_SRV-PC" name="Tests.Testngxml_demo2" tests="1" failures="0" timestamp="2022-04-07T18:10:45 IST" time="29.298" errors="0">
  <testcase name="testraiwaybyfirefox1" time="29.298" classname="Tests.Testngxml_demo2"/>
  <system-out/>
</testsuite> <!-- Tests.Testngxml_demo2 -->
