<?xml version="1.0" encoding="UTF-8"?>
<!-- Generated by org.testng.reporters.JUnitReportReporter -->
<testsuite skipped="0" hostname="Admin_SRV-PC" name="Tests.multibrowserdemo" tests="22" failures="0" timestamp="2022-04-11T09:15:15 IST" time="74.449" errors="0">
  <testcase name="finaldata" time="2.938" classname="Tests.multibrowserdemo"/>
  <system-out/>
  <testcase name="finaldata" time="2.965" classname="Tests.multibrowserdemo"/>
  <system-out/>
  <testcase name="finaldata" time="3.001" classname="Tests.multibrowserdemo"/>
  <system-out/>
  <testcase name="finaldata" time="5.444" classname="Tests.multibrowserdemo"/>
  <system-out/>
  <testcase name="finaldata" time="2.985" classname="Tests.multibrowserdemo"/>
  <system-out/>
  <testcase name="finaldata" time="3.035" classname="Tests.multibrowserdemo"/>
  <system-out/>
  <testcase name="finaldata" time="3.105" classname="Tests.multibrowserdemo"/>
  <system-out/>
  <testcase name="finaldata" time="2.942" classname="Tests.multibrowserdemo"/>
  <system-out/>
  <testcase name="finaldata" time="2.939" classname="Tests.multibrowserdemo"/>
  <system-out/>
  <testcase name="finaldata" time="8.236" classname="Tests.multibrowserdemo"/>
  <system-out/>
  <testcase name="finaldata" time="3.631" classname="Tests.multibrowserdemo"/>
  <system-out/>
  <testcase name="finaldata" time="3.061" classname="Tests.multibrowserdemo"/>
  <system-out/>
  <testcase name="finaldata" time="2.972" classname="Tests.multibrowserdemo"/>
  <system-out/>
  <testcase name="finaldata" time="2.989" classname="Tests.multibrowserdemo"/>
  <system-out/>
  <testcase name="finaldata" time="2.705" classname="Tests.multibrowserdemo"/>
  <system-out/>
  <testcase name="finaldata" time="3.140" classname="Tests.multibrowserdemo"/>
  <system-out/>
  <testcase name="finaldata" time="2.936" classname="Tests.multibrowserdemo"/>
  <system-out/>
  <testcase name="finaldata" time="3.508" classname="Tests.multibrowserdemo"/>
  <system-out/>
  <testcase name="finaldata" time="3.014" classname="Tests.multibrowserdemo"/>
  <system-out/>
  <testcase name="finaldata" time="2.948" classname="Tests.multibrowserdemo"/>
  <system-out/>
  <testcase name="finaldata" time="2.968" classname="Tests.multibrowserdemo"/>
  <system-out/>
  <testcase name="finaldata" time="2.987" classname="Tests.multibrowserdemo"/>
  <system-out/>
</testsuite> <!-- Tests.multibrowserdemo -->
