<?xml version="1.0" encoding="UTF-8"?>
<!-- Generated by org.testng.reporters.JUnitReportReporter -->
<testsuite skipped="0" hostname="Admin_SRV-PC" name="Tests.DataprovidertestPages" tests="11" failures="0" timestamp="2022-04-10T11:25:40 IST" time="43.859" errors="0">
  <testcase name="exceltest" time="3.638" classname="Tests.DataprovidertestPages"/>
  <system-out/>
  <testcase name="exceltest" time="3.654" classname="Tests.DataprovidertestPages"/>
  <system-out/>
  <testcase name="exceltest" time="3.668" classname="Tests.DataprovidertestPages"/>
  <system-out/>
  <testcase name="exceltest" time="3.676" classname="Tests.DataprovidertestPages"/>
  <system-out/>
  <testcase name="exceltest" time="3.643" classname="Tests.DataprovidertestPages"/>
  <system-out/>
  <testcase name="exceltest" time="3.684" classname="Tests.DataprovidertestPages"/>
  <system-out/>
  <testcase name="exceltest" time="3.756" classname="Tests.DataprovidertestPages"/>
  <system-out/>
  <testcase name="exceltest" time="6.268" classname="Tests.DataprovidertestPages"/>
  <system-out/>
  <testcase name="exceltest" time="4.438" classname="Tests.DataprovidertestPages"/>
  <system-out/>
  <testcase name="exceltest" time="3.741" classname="Tests.DataprovidertestPages"/>
  <system-out/>
  <testcase name="exceltest" time="3.693" classname="Tests.DataprovidertestPages"/>
  <system-out/>
</testsuite> <!-- Tests.DataprovidertestPages -->
