<?xml version="1.0" encoding="UTF-8"?>
<!-- Generated by org.testng.reporters.JUnitReportReporter -->
<testsuite skipped="0" hostname="Admin_SRV-PC" name="Listners.TestNGlistnerdemo" tests="4" failures="0" timestamp="2022-04-09T16:14:16 IST" time="0.025" errors="0">
  <testcase name="test4" time="0.005" classname="Listners.TestNGlistnerdemo"/>
  <system-out/>
  <testcase name="test1" time="0.015" classname="Listners.TestNGlistnerdemo"/>
  <system-out/>
  <testcase name="test2" time="0.000" classname="Listners.TestNGlistnerdemo"/>
  <system-out/>
  <testcase name="test3" time="0.005" classname="Listners.TestNGlistnerdemo"/>
  <system-out/>
</testsuite> <!-- Listners.TestNGlistnerdemo -->
