<?xml version="1.0" encoding="UTF-8"?>
<!-- Generated by org.testng.reporters.JUnitReportReporter -->
<testsuite skipped="0" hostname="Admin_SRV-PC" name="Listners.TestNGlistnerdemo" tests="4" failures="0" timestamp="2022-04-13T09:33:29 IST" time="0.026" errors="0">
  <testcase name="test1" time="0.017" classname="Listners.TestNGlistnerdemo"/>
  <system-out/>
  <testcase name="test2" time="0.003" classname="Listners.TestNGlistnerdemo"/>
  <system-out/>
  <testcase name="test4" time="0.003" classname="Listners.TestNGlistnerdemo"/>
  <system-out/>
  <testcase name="test3" time="0.003" classname="Listners.TestNGlistnerdemo"/>
  <system-out/>
</testsuite> <!-- Listners.TestNGlistnerdemo -->
