<?xml version="1.0" encoding="UTF-8"?>
<!-- Generated by org.testng.reporters.JUnitReportReporter -->
<testsuite skipped="0" hostname="Admin_SRV-PC" name="Tests.FBTest" tests="1" failures="0" timestamp="2022-04-06T17:29:19 IST" time="9.403" errors="0">
  <testcase name="FBloginTest" time="9.403" classname="Tests.FBTest"/>
  <system-out/>
</testsuite> <!-- Tests.FBTest -->
