<?xml version="1.0" encoding="UTF-8"?>
<!-- Generated by org.testng.reporters.JUnitReportReporter -->
<testsuite skipped="0" hostname="Admin_SRV-PC" name="RestasuredProject.GetandPostMethod" tests="2" failures="0" timestamp="2022-04-14T17:36:13 IST" time="6.262" errors="0">
  <testcase name="postmethod" time="1.001" classname="RestasuredProject.GetandPostMethod"/>
  <system-out/>
  <testcase name="getmethod" time="5.261" classname="RestasuredProject.GetandPostMethod"/>
  <system-out/>
</testsuite> <!-- RestasuredProject.GetandPostMethod -->
