<?xml version="1.0" encoding="UTF-8"?>
<!-- Generated by org.testng.reporters.JUnitReportReporter -->
<testsuite skipped="0" hostname="Admin_SRV-PC" name="Alerts.Alertsdemo" tests="2" failures="0" timestamp="2022-04-14T11:18:06 IST" time="28.032" errors="0">
  <testcase name="testmethod" time="12.383" classname="Alerts.Alertsdemo"/>
  <system-out/>
  <testcase name="testmethod" time="15.649" classname="Alerts.Alertsdemo"/>
  <system-out/>
</testsuite> <!-- Alerts.Alertsdemo -->
