<?xml version="1.0" encoding="UTF-8"?>
<!-- Generated by org.testng.reporters.JUnitReportReporter -->
<testsuite skipped="0" hostname="Admin_SRV-PC" name="Utils.Dataputils" tests="11" failures="0" timestamp="2022-04-10T10:26:04 IST" time="33.870" errors="0">
  <testcase name="exceldata" time="2.697" classname="Utils.Dataputils"/>
  <system-out/>
  <testcase name="exceldata" time="3.456" classname="Utils.Dataputils"/>
  <system-out/>
  <testcase name="exceldata" time="2.654" classname="Utils.Dataputils"/>
  <system-out/>
  <testcase name="exceldata" time="2.654" classname="Utils.Dataputils"/>
  <system-out/>
  <testcase name="exceldata" time="2.669" classname="Utils.Dataputils"/>
  <system-out/>
  <testcase name="exceldata" time="2.675" classname="Utils.Dataputils"/>
  <system-out/>
  <testcase name="exceldata" time="5.387" classname="Utils.Dataputils"/>
  <system-out/>
  <testcase name="exceldata" time="2.792" classname="Utils.Dataputils"/>
  <system-out/>
  <testcase name="exceldata" time="3.425" classname="Utils.Dataputils"/>
  <system-out/>
  <testcase name="exceldata" time="2.793" classname="Utils.Dataputils"/>
  <system-out/>
  <testcase name="exceldata" time="2.668" classname="Utils.Dataputils"/>
  <system-out/>
</testsuite> <!-- Utils.Dataputils -->
