<?xml version="1.0" encoding="UTF-8"?>
<!-- Generated by org.testng.reporters.JUnitReportReporter -->
<testsuite skipped="0" hostname="Admin_SRV-PC" name="Actions.Actionsclass" tests="1" failures="0" timestamp="2022-04-15T17:00:50 IST" time="32.789" errors="0">
  <testcase name="testexcution" time="32.789" classname="Actions.Actionsclass"/>
  <system-out/>
</testsuite> <!-- Actions.Actionsclass -->
