<?xml version="1.0" encoding="UTF-8"?>
<!-- Generated by org.testng.reporters.JUnitReportReporter -->
<testsuite skipped="0" hostname="Admin_SRV-PC" name="Excelutils.Excelutils" tests="1" failures="0" timestamp="2022-04-08T16:31:48 IST" time="1.032" errors="0">
  <testcase name="Exceldata" time="1.032" classname="Excelutils.Excelutils"/>
  <system-out/>
</testsuite> <!-- Excelutils.Excelutils -->
